شیشی[2024-07-03 21:58:31] Product already exists in WooCommerce: PUBG MOBILE UC 60
[2024-07-03 21:58:31] Product already exists in WooCommerce: PUBG MOBILE UC 300 + 25
[2024-07-03 21:58:31] Product already exists in WooCommerce: PUBG MOBILE UC 600 + 60
[2024-07-03 21:58:31] Product already exists in WooCommerce: PUBG MOBILE UC 1500 + 300
[2024-07-03 21:58:31] Product already exists in WooCommerce: PUBG MOBILE UC 3000 + 850
[2024-07-03 21:58:31] Product already exists in WooCommerce: PUBG MOBILE UC 6000 + 2100
[2024-07-03 21:58:31] Product already exists in WooCommerce: PUBG MOBILE Royale Pass禮包（A7）
[2024-07-03 21:58:31] Product already exists in WooCommerce: PUBG MOBILE Elite Pass 禮包（A7）
[2024-07-03 21:58:31] Products added to WooCommerce.
[2024-07-03 21:58:31] Displayed products and Load More button.
[2024-07-03 21:58:52] Product already exists in WooCommerce: PUBG MOBILE UC 60
[2024-07-03 21:58:52] Product already exists in WooCommerce: PUBG MOBILE UC 300 + 25
[2024-07-03 21:58:52] Product already exists in WooCommerce: PUBG MOBILE UC 600 + 60
[2024-07-03 21:58:52] Product already exists in WooCommerce: PUBG MOBILE UC 1500 + 300
[2024-07-03 21:58:52] Product already exists in WooCommerce: PUBG MOBILE UC 3000 + 850
[2024-07-03 21:58:52] Product already exists in WooCommerce: PUBG MOBILE UC 6000 + 2100
[2024-07-03 21:58:52] Product already exists in WooCommerce: PUBG MOBILE Royale Pass禮包（A7）
[2024-07-03 21:58:52] Product already exists in WooCommerce: PUBG MOBILE Elite Pass 禮包（A7）
[2024-07-03 21:58:52] Products added to WooCommerce.
[2024-07-03 21:58:52] Displayed products and Load More button.
[2024-07-03 21:59:19] Added new product to WooCommerce: PUBG MOBILE UC 60
[2024-07-03 21:59:19] Added new product to WooCommerce: PUBG MOBILE UC 300 + 25
[2024-07-03 21:59:19] Added new product to WooCommerce: PUBG MOBILE UC 600 + 60
[2024-07-03 21:59:20] Added new product to WooCommerce: PUBG MOBILE UC 1500 + 300
[2024-07-03 21:59:20] Added new product to WooCommerce: PUBG MOBILE UC 3000 + 850
[2024-07-03 21:59:20] Added new product to WooCommerce: PUBG MOBILE UC 6000 + 2100
[2024-07-03 21:59:20] Added new product to WooCommerce: PUBG MOBILE Royale Pass禮包（A7）
[2024-07-03 21:59:21] Added new product to WooCommerce: PUBG MOBILE Elite Pass 禮包（A7）
[2024-07-03 21:59:21] Products added to WooCommerce.
[2024-07-03 21:59:21] Products have been added to WooCommerce.
